[W1|06:50:57] [INI]  Worker iniciado (PID: 11804)
[W1|06:50:57] [SIN]  Proxy: http://64.137.73.109:5197
[W1|06:51:07] [ERR]  Error crítico: ORANGE_USER y ORANGE_PASS deben estar en .env
Traceback (most recent call last):
  File "C:\Users\Jeff\Desktop\Proyectos\Oratioo_CX\bot\worker.py", line 312, in <module>
    main()
    ~~~~^^
  File "C:\Users\Jeff\Desktop\Proyectos\Oratioo_CX\bot\worker.py", line 308, in main
    log(f"\U0001f4ca Resumen: [OK]  {procesados} | [ERR]  {errores}")
    ~~~^^^^^^^^^^^^^^^^^^^^^^^^^^^^^^^^^^^^^^^^^^^^^^^^^^^^^^
  File "C:\Users\Jeff\Desktop\Proyectos\Oratioo_CX\bot\worker.py", line 56, in log
    print(f"[W{WORKER_ID}|{t}] {msg}")
    ~~~~~^^^^^^^^^^^^^^^^^^^^^^^^^^^^^
  File "C:\Users\Jeff\AppData\Local\Programs\Python\Python313\Lib\encodings\cp1252.py", line 19, in encode
    return codecs.charmap_encode(input,self.errors,encoding_table)[0]
           ~~~~~~~~~~~~~~~~~~~~~^^^^^^^^^^^^^^^^^^^^^^^^^^^^^^^^^^
UnicodeEncodeError: 'charmap' codec can't encode character '\U0001f4ca' in position 14: character maps to <undefined>
[W1|07:19:26] [INI]  Worker iniciado (PID: 11420)
[W1|07:19:26] [SIN]  Proxy: http://64.137.89.185:6258
  [Login] Iniciando sesión...
[W1|07:19:48] [ERR]  Error crítico: Fallo en login: 'charmap' codec can't encode character '\u2705' in position 10: character maps to <undefined>
[W1|07:19:48] Resumen -> Procesados: [OK] 0 | [ERR] 0
[W1|08:37:59] [INI]  Worker iniciado (PID: 20852)
[W1|08:37:59] [SIN]  Proxy: http://104.143.244.179:6127
  [Login] Iniciando sesión...
  [Login] [OK] Login exitoso
  [Login] Seleccionando marca Orange...
  [Login] [OK] Marca Orange seleccionada
  [Login] Preparando entorno (nuevo acto comercial)...
  [Login] [OK] Entorno listo
[W1|08:38:40] [LOCK] Login exitoso
  [Extracción] Buscando: 07179118J (Intento 1)
  [Extracción] [WARN] Error recuperable: Page.wait_for_selector: Target page, context or browser has been closed
  [Extracción] [RETRY] Recuperando sesión (3 intentos con F5)...
  [Extracción] F5 #1 falló: Page.reload: Target page, context or browser has been closed
  [Extracción] F5 #2 falló: Page.reload: Target page, context or browser has been closed
  [Extracción] F5 #3 falló: Page.reload: Target page, context or browser has been closed
  [Extracción] [FAIL] No se pudo recuperar tras 3 F5
  [Extracción] Buscando: 07179118J (Intento 2)
  [Extracción] [WARN] Error recuperable: Locator.wait_for: Target page, context or browser has been closed
[W1|08:38:52] [SAVE] 07179118J -> completado
[W1|08:38:52] [OK]  07179118J: 1 líneas
[W1|08:38:53] [ERR]  Error crítico: Page.wait_for_timeout: Target page, context or browser has been closed
[W1|08:38:54] Resumen -> Procesados: [OK] 1 | [ERR] 0
[W1|09:58:27] [INI]  Worker iniciado (PID: 11920)
[W1|09:58:27] [SIN]  Proxy: http://92.113.242.74:6658
  [Login] Iniciando sesión...
  [Login] [OK] Login exitoso
  [Login] Seleccionando marca Orange...
  [Login] [OK] Marca Orange seleccionada
  [Login] Preparando entorno (nuevo acto comercial)...
  [Login] [OK] Entorno listo
[W1|09:59:14] [LOCK] Login exitoso
  [Extracción] Buscando: 77297941R (Intento 1)
  [Extracción] Verificando procesamiento...
  [Extracción] [FAIL] 77297941R NO ES CLIENTE
  [Login] Preparando entorno (nuevo acto comercial)...
[W1|10:00:07] [SAVE] 77297941R -> no_cliente
[W1|10:00:07] [OK]  77297941R: 1 líneas
  [Extracción] Buscando: 73123259A (Intento 1)
  [Extracción] Verificando procesamiento...
  [Extracción] [FAIL] 73123259A NO ES CLIENTE
  [Login] Preparando entorno (nuevo acto comercial)...
[W1|10:00:59] [SAVE] 73123259A -> no_cliente
[W1|10:00:59] [OK]  73123259A: 1 líneas
  [Extracción] Buscando: 77406871A (Intento 1)
  [Extracción] Verificando procesamiento...
  [Extracción] [FAIL] 77406871A NO ES CLIENTE
  [Login] Preparando entorno (nuevo acto comercial)...
[W1|10:01:46] [SAVE] 77406871A -> no_cliente
[W1|10:01:46] [OK]  77406871A: 1 líneas
  [Extracción] Buscando: 75095929D (Intento 1)
  [Extracción] Verificando procesamiento...
  [Extracción] [FAIL] 75095929D NO ES CLIENTE
  [Login] Preparando entorno (nuevo acto comercial)...
[W1|10:02:37] [SAVE] 75095929D -> no_cliente
[W1|10:02:37] [OK]  75095929D: 1 líneas
  [Extracción] Buscando: 76657620T (Intento 1)
  [Extracción] Verificando procesamiento...
  [Extracción] [FAIL] 76657620T NO ES CLIENTE
  [Login] Preparando entorno (nuevo acto comercial)...
[W1|10:03:26] [SAVE] 76657620T -> no_cliente
[W1|10:03:26] [OK]  76657620T: 1 líneas
  [Extracción] Buscando: 72508955Y (Intento 1)
  [Extracción] Verificando procesamiento...
  [Extracción] [FAIL] 72508955Y NO ES CLIENTE
  [Login] Preparando entorno (nuevo acto comercial)...
[W1|10:04:17] [SAVE] 72508955Y -> no_cliente
[W1|10:04:17] [OK]  72508955Y: 1 líneas
  [Extracción] Buscando: 72579281K (Intento 1)
  [Extracción] Verificando procesamiento...
  [Extracción] [FAIL] 72579281K NO ES CLIENTE
  [Login] Preparando entorno (nuevo acto comercial)...
[W1|10:05:07] [SAVE] 72579281K -> no_cliente
[W1|10:05:07] [OK]  72579281K: 1 líneas
  [Extracción] Buscando: 07188551V (Intento 1)
  [Extracción] Verificando procesamiento...
  [Extracción] [FAIL] 07188551V NO ES CLIENTE
  [Login] Preparando entorno (nuevo acto comercial)...
[W1|10:05:57] [SAVE] 07188551V -> no_cliente
[W1|10:05:57] [OK]  07188551V: 1 líneas
  [Extracción] Buscando: 71731902P (Intento 1)
  [Extracción] Verificando procesamiento...
  [Extracción] [FAIL] 71731902P NO ES CLIENTE
  [Login] Preparando entorno (nuevo acto comercial)...
[W1|10:06:48] [SAVE] 71731902P -> no_cliente
[W1|10:06:48] [OK]  71731902P: 1 líneas
  [Extracción] Buscando: 72068081L (Intento 1)
  [Extracción] Verificando procesamiento...
  [Extracción] [FAIL] 72068081L NO ES CLIENTE
  [Login] Preparando entorno (nuevo acto comercial)...
[W1|10:07:39] [SAVE] 72068081L -> no_cliente
[W1|10:07:39] [OK]  72068081L: 1 líneas
  [Extracción] Buscando: 73208508Z (Intento 1)
  [Extracción] Verificando procesamiento...
  [Extracción] [FAIL] 73208508Z NO ES CLIENTE
  [Login] Preparando entorno (nuevo acto comercial)...
[W1|10:08:28] [SAVE] 73208508Z -> no_cliente
[W1|10:08:28] [OK]  73208508Z: 1 líneas
  [Extracción] Buscando: 75925160K (Intento 1)
  [Extracción] Verificando procesamiento...
  [Extracción] [FAIL] 75925160K NO ES CLIENTE
  [Login] Preparando entorno (nuevo acto comercial)...
[W1|10:09:19] [SAVE] 75925160K -> no_cliente
[W1|10:09:19] [OK]  75925160K: 1 líneas
  [Extracción] Buscando: 07179118J (Intento 1)
  [Extracción] Verificando procesamiento...
  [Extracción] Cargando ficha de cliente...
  [Extracción] Cliente: ILLYA LUKYNYUK LUKYNYUK | DNI: 07179118J | Paquete: Love TV Inicial
  [Extracción] Dirección: CALLE DE LAS MARGARITAS, Nş 42, ESCD, BA - 2, 07199, PALMA, BALEARES
  [Extracción] Página 1 de líneas...
    -> Línea: 871710898
    -> Línea: 675151216
    -> Línea: 654133746
[W1|10:09:34] [SAVE] 07179118J -> completado
[W1|10:09:35] [SAVE] 07179118J -> completado
[W1|10:09:36] [SAVE] 07179118J -> completado
[W1|10:09:36] [OK]  07179118J: 3 líneas
  [Extracción] Buscando: 76896643F (Intento 1)
  [Extracción] Verificando procesamiento...
  [Extracción] [FAIL] 76896643F NO ES CLIENTE
  [Login] Preparando entorno (nuevo acto comercial)...
[W1|10:10:25] [SAVE] 76896643F -> no_cliente
[W1|10:10:25] [OK]  76896643F: 1 líneas
  [Extracción] Buscando: 77297941R (Intento 1)
  [Extracción] Verificando procesamiento...
  [Extracción] [FAIL] 77297941R NO ES CLIENTE
  [Login] Preparando entorno (nuevo acto comercial)...
[W1|10:11:14] [SAVE] 77297941R -> no_cliente
[W1|10:11:14] [OK]  77297941R: 1 líneas
  [Extracción] Buscando: 73123259A (Intento 1)
  [Extracción] Verificando procesamiento...
  [Extracción] [FAIL] 73123259A NO ES CLIENTE
  [Login] Preparando entorno (nuevo acto comercial)...
[W1|10:12:04] [SAVE] 73123259A -> no_cliente
[W1|10:12:04] [OK]  73123259A: 1 líneas
  [Extracción] Buscando: 77406871A (Intento 1)
  [Extracción] Verificando procesamiento...
  [Extracción] [FAIL] 77406871A NO ES CLIENTE
  [Login] Preparando entorno (nuevo acto comercial)...
[W1|10:12:54] [SAVE] 77406871A -> no_cliente
[W1|10:12:54] [OK]  77406871A: 1 líneas
  [Extracción] Buscando: 75095929D (Intento 1)
  [Extracción] Verificando procesamiento...
  [Extracción] [FAIL] 75095929D NO ES CLIENTE
  [Login] Preparando entorno (nuevo acto comercial)...
[W1|10:13:45] [SAVE] 75095929D -> no_cliente
[W1|10:13:45] [OK]  75095929D: 1 líneas
  [Extracción] Buscando: 76657620T (Intento 1)
  [Extracción] Verificando procesamiento...
  [Extracción] [FAIL] 76657620T NO ES CLIENTE
  [Login] Preparando entorno (nuevo acto comercial)...
[W1|10:14:34] [SAVE] 76657620T -> no_cliente
[W1|10:14:34] [OK]  76657620T: 1 líneas
  [Extracción] Buscando: 72508955Y (Intento 1)
  [Extracción] Verificando procesamiento...
  [Extracción] [FAIL] 72508955Y NO ES CLIENTE
  [Login] Preparando entorno (nuevo acto comercial)...
[W1|10:15:23] [SAVE] 72508955Y -> no_cliente
[W1|10:15:23] [OK]  72508955Y: 1 líneas
  [Extracción] Buscando: 72579281K (Intento 1)
  [Extracción] Verificando procesamiento...
  [Extracción] [FAIL] 72579281K NO ES CLIENTE
  [Login] Preparando entorno (nuevo acto comercial)...
[W1|10:16:14] [SAVE] 72579281K -> no_cliente
[W1|10:16:14] [OK]  72579281K: 1 líneas
  [Extracción] Buscando: 07188551V (Intento 1)
  [Extracción] Verificando procesamiento...
  [Extracción] [FAIL] 07188551V NO ES CLIENTE
  [Login] Preparando entorno (nuevo acto comercial)...
[W1|10:17:03] [SAVE] 07188551V -> no_cliente
[W1|10:17:03] [OK]  07188551V: 1 líneas
  [Extracción] Buscando: 71731902P (Intento 1)
  [Extracción] Verificando procesamiento...
  [Extracción] [FAIL] 71731902P NO ES CLIENTE
  [Login] Preparando entorno (nuevo acto comercial)...
[W1|10:17:53] [SAVE] 71731902P -> no_cliente
[W1|10:17:53] [OK]  71731902P: 1 líneas
  [Extracción] Buscando: 72068081L (Intento 1)
  [Extracción] Verificando procesamiento...
  [Extracción] [FAIL] 72068081L NO ES CLIENTE
  [Login] Preparando entorno (nuevo acto comercial)...
[W1|10:18:43] [SAVE] 72068081L -> no_cliente
[W1|10:18:43] [OK]  72068081L: 1 líneas
  [Extracción] Buscando: 73208508Z (Intento 1)
  [Extracción] Verificando procesamiento...
  [Extracción] [FAIL] 73208508Z NO ES CLIENTE
  [Login] Preparando entorno (nuevo acto comercial)...
[W1|10:19:32] [SAVE] 73208508Z -> no_cliente
[W1|10:19:32] [OK]  73208508Z: 1 líneas
  [Extracción] Buscando: 75925160K (Intento 1)
  [Extracción] Verificando procesamiento...
  [Extracción] [FAIL] 75925160K NO ES CLIENTE
  [Login] Preparando entorno (nuevo acto comercial)...
[W1|10:20:21] [SAVE] 75925160K -> no_cliente
[W1|10:20:21] [OK]  75925160K: 1 líneas
  [Extracción] Buscando: 07179118J (Intento 1)
  [Extracción] Verificando procesamiento...
  [Extracción] Cargando ficha de cliente...
  [Extracción] Cliente: ILLYA LUKYNYUK LUKYNYUK | DNI: 07179118J | Paquete: Love TV Inicial
  [Extracción] Dirección: CALLE DE LAS MARGARITAS, Nş 42, ESCD, BA - 2, 07199, PALMA, BALEARES
  [Extracción] Página 1 de líneas...
    -> Línea: 871710898
    -> Línea: 675151216
    -> Línea: 654133746
[W1|10:20:45] [SAVE] 07179118J -> completado
[W1|10:20:46] [SAVE] 07179118J -> completado
[W1|10:20:47] [SAVE] 07179118J -> completado
[W1|10:20:47] [OK]  07179118J: 3 líneas
  [Extracción] Buscando: 76896643F (Intento 1)
  [Extracción] Verificando procesamiento...
  [Extracción] [FAIL] 76896643F NO ES CLIENTE
  [Login] Preparando entorno (nuevo acto comercial)...
[W1|10:21:37] [SAVE] 76896643F -> no_cliente
[W1|10:21:37] [OK]  76896643F: 1 líneas
  [Extracción] Buscando: 77297941R (Intento 1)
  [Extracción] Verificando procesamiento...
  [Extracción] [FAIL] 77297941R NO ES CLIENTE
  [Login] Preparando entorno (nuevo acto comercial)...
[W1|10:22:26] [SAVE] 77297941R -> no_cliente
[W1|10:22:26] [OK]  77297941R: 1 líneas
  [Extracción] Buscando: 73123259A (Intento 1)
  [Extracción] Verificando procesamiento...
  [Extracción] [FAIL] 73123259A NO ES CLIENTE
  [Login] Preparando entorno (nuevo acto comercial)...
[W1|10:23:16] [SAVE] 73123259A -> no_cliente
[W1|10:23:16] [OK]  73123259A: 1 líneas
  [Extracción] Buscando: 77406871A (Intento 1)
  [Extracción] Verificando procesamiento...
  [Extracción] [FAIL] 77406871A NO ES CLIENTE
  [Login] Preparando entorno (nuevo acto comercial)...
[W1|10:24:06] [SAVE] 77406871A -> no_cliente
[W1|10:24:06] [OK]  77406871A: 1 líneas
  [Extracción] Buscando: 75095929D (Intento 1)
  [Extracción] Verificando procesamiento...
  [Extracción] [FAIL] 75095929D NO ES CLIENTE
  [Login] Preparando entorno (nuevo acto comercial)...
[W1|10:24:55] [SAVE] 75095929D -> no_cliente
[W1|10:24:55] [OK]  75095929D: 1 líneas
  [Extracción] Buscando: 76657620T (Intento 1)
  [Extracción] Verificando procesamiento...
  [Extracción] [FAIL] 76657620T NO ES CLIENTE
  [Login] Preparando entorno (nuevo acto comercial)...
[W1|10:25:45] [SAVE] 76657620T -> no_cliente
[W1|10:25:45] [OK]  76657620T: 1 líneas
  [Extracción] Buscando: 73208508Z (Intento 1)
  [Extracción] Verificando procesamiento...
  [Extracción] [FAIL] 73208508Z NO ES CLIENTE
  [Login] Preparando entorno (nuevo acto comercial)...
[W1|10:26:35] [SAVE] 73208508Z -> no_cliente
[W1|10:26:35] [OK]  73208508Z: 1 líneas
  [Extracción] Buscando: 75925160K (Intento 1)
  [Extracción] Verificando procesamiento...
  [Extracción] [FAIL] 75925160K NO ES CLIENTE
  [Login] Preparando entorno (nuevo acto comercial)...
[W1|10:27:24] [SAVE] 75925160K -> no_cliente
[W1|10:27:24] [OK]  75925160K: 1 líneas
  [Extracción] Buscando: 76896643F (Intento 1)
  [Extracción] Verificando procesamiento...
  [Extracción] [FAIL] 76896643F NO ES CLIENTE
  [Login] Preparando entorno (nuevo acto comercial)...
[W1|10:28:13] [SAVE] 76896643F -> no_cliente
[W1|10:28:13] [OK]  76896643F: 1 líneas
  [Extracción] Buscando: 77297941R (Intento 1)
  [Extracción] Verificando procesamiento...
  [Extracción] [FAIL] 77297941R NO ES CLIENTE
  [Login] Preparando entorno (nuevo acto comercial)...
[W1|10:29:04] [SAVE] 77297941R -> no_cliente
[W1|10:29:04] [OK]  77297941R: 1 líneas
  [Extracción] Buscando: 73123259A (Intento 1)
  [Extracción] Verificando procesamiento...
  [Extracción] [FAIL] 73123259A NO ES CLIENTE
  [Login] Preparando entorno (nuevo acto comercial)...
[W1|10:29:54] [SAVE] 73123259A -> no_cliente
[W1|10:29:54] [OK]  73123259A: 1 líneas
  [Extracción] Buscando: 77406871A (Intento 1)
  [Extracción] Verificando procesamiento...
  [Extracción] [FAIL] 77406871A NO ES CLIENTE
  [Login] Preparando entorno (nuevo acto comercial)...
[W1|10:30:44] [SAVE] 77406871A -> no_cliente
[W1|10:30:44] [OK]  77406871A: 1 líneas
[W1|10:30:44] [PAUSE]  No hay mas DNIs pendientes. Esperando 30s...
[W1|10:31:15] [PAUSE]  No hay mas DNIs pendientes. Esperando 30s...
[W1|10:31:46] [PAUSE]  No hay mas DNIs pendientes. Esperando 30s...
[W1|10:32:17] [PAUSE]  No hay mas DNIs pendientes. Esperando 30s...
[W1|10:32:47] [PAUSE]  No hay mas DNIs pendientes. Esperando 30s...
[W1|10:33:18] [PAUSE]  No hay mas DNIs pendientes. Esperando 30s...
[W1|10:33:49] [PAUSE]  No hay mas DNIs pendientes. Esperando 30s...
[W1|10:34:20] [PAUSE]  No hay mas DNIs pendientes. Esperando 30s...
[W1|10:34:51] [PAUSE]  No hay mas DNIs pendientes. Esperando 30s...
[W1|10:35:21] [PAUSE]  No hay mas DNIs pendientes. Esperando 30s...
[W1|10:35:52] [PAUSE]  No hay mas DNIs pendientes. Esperando 30s...
[W1|10:36:23] [PAUSE]  No hay mas DNIs pendientes. Esperando 30s...
[W1|10:36:54] [PAUSE]  No hay mas DNIs pendientes. Esperando 30s...
[W1|10:37:24] [PAUSE]  No hay mas DNIs pendientes. Esperando 30s...
[W1|10:37:55] [PAUSE]  No hay mas DNIs pendientes. Esperando 30s...
[W1|10:38:26] [PAUSE]  No hay mas DNIs pendientes. Esperando 30s...
[W1|10:38:57] [PAUSE]  No hay mas DNIs pendientes. Esperando 30s...
[W1|10:39:28] [PAUSE]  No hay mas DNIs pendientes. Esperando 30s...
[W1|10:39:58] [PAUSE]  No hay mas DNIs pendientes. Esperando 30s...
[W1|10:40:29] [PAUSE]  No hay mas DNIs pendientes. Esperando 30s...
[W1|10:41:00] [PAUSE]  No hay mas DNIs pendientes. Esperando 30s...
[W1|10:41:31] [PAUSE]  No hay mas DNIs pendientes. Esperando 30s...
[W1|10:42:01] [PAUSE]  No hay mas DNIs pendientes. Esperando 30s...
[W1|10:42:32] [PAUSE]  No hay mas DNIs pendientes. Esperando 30s...
[W1|10:43:03] [PAUSE]  No hay mas DNIs pendientes. Esperando 30s...
[W1|10:43:34] [PAUSE]  No hay mas DNIs pendientes. Esperando 30s...
[W1|10:44:04] [PAUSE]  No hay mas DNIs pendientes. Esperando 30s...
[W1|10:44:35] [PAUSE]  No hay mas DNIs pendientes. Esperando 30s...
[W1|10:45:06] [PAUSE]  No hay mas DNIs pendientes. Esperando 30s...
[W1|10:45:37] [PAUSE]  No hay mas DNIs pendientes. Esperando 30s...
[W1|10:46:08] [PAUSE]  No hay mas DNIs pendientes. Esperando 30s...
[W1|10:46:38] [PAUSE]  No hay mas DNIs pendientes. Esperando 30s...
[W1|10:47:09] [PAUSE]  No hay mas DNIs pendientes. Esperando 30s...
[W1|10:47:40] [PAUSE]  No hay mas DNIs pendientes. Esperando 30s...
[W1|10:48:11] [PAUSE]  No hay mas DNIs pendientes. Esperando 30s...
[W1|10:48:41] [PAUSE]  No hay mas DNIs pendientes. Esperando 30s...
[W1|10:49:12] [PAUSE]  No hay mas DNIs pendientes. Esperando 30s...
[W1|10:49:43] [PAUSE]  No hay mas DNIs pendientes. Esperando 30s...
[W1|10:50:14] [PAUSE]  No hay mas DNIs pendientes. Esperando 30s...
[W1|10:50:44] [PAUSE]  No hay mas DNIs pendientes. Esperando 30s...
[W1|10:51:15] [PAUSE]  No hay mas DNIs pendientes. Esperando 30s...
[W1|10:51:46] [PAUSE]  No hay mas DNIs pendientes. Esperando 30s...
[W1|10:52:17] [PAUSE]  No hay mas DNIs pendientes. Esperando 30s...
[W1|10:52:47] [PAUSE]  No hay mas DNIs pendientes. Esperando 30s...
[W1|10:53:18] [PAUSE]  No hay mas DNIs pendientes. Esperando 30s...
[W1|10:53:49] [PAUSE]  No hay mas DNIs pendientes. Esperando 30s...
[W1|10:54:20] [PAUSE]  No hay mas DNIs pendientes. Esperando 30s...
[W1|10:54:51] [PAUSE]  No hay mas DNIs pendientes. Esperando 30s...
[W1|10:55:21] [PAUSE]  No hay mas DNIs pendientes. Esperando 30s...
[W1|10:55:52] [PAUSE]  No hay mas DNIs pendientes. Esperando 30s...
[W1|10:56:23] [PAUSE]  No hay mas DNIs pendientes. Esperando 30s...
[W1|10:56:54] [PAUSE]  No hay mas DNIs pendientes. Esperando 30s...
[W1|10:57:25] [PAUSE]  No hay mas DNIs pendientes. Esperando 30s...
[W1|10:57:55] [PAUSE]  No hay mas DNIs pendientes. Esperando 30s...
[W1|10:58:26] [PAUSE]  No hay mas DNIs pendientes. Esperando 30s...
[W1|10:58:57] [PAUSE]  No hay mas DNIs pendientes. Esperando 30s...
[W1|10:59:28] [PAUSE]  No hay mas DNIs pendientes. Esperando 30s...
[W1|10:59:58] [PAUSE]  No hay mas DNIs pendientes. Esperando 30s...
[W1|11:00:29] [PAUSE]  No hay mas DNIs pendientes. Esperando 30s...
[W1|11:01:00] [PAUSE]  No hay mas DNIs pendientes. Esperando 30s...
[W1|11:01:31] [PAUSE]  No hay mas DNIs pendientes. Esperando 30s...
[W1|11:02:02] [PAUSE]  No hay mas DNIs pendientes. Esperando 30s...
[W1|11:02:32] [PAUSE]  No hay mas DNIs pendientes. Esperando 30s...
[W1|11:03:03] [PAUSE]  No hay mas DNIs pendientes. Esperando 30s...
[W1|11:03:34] [PAUSE]  No hay mas DNIs pendientes. Esperando 30s...
[W1|11:04:05] [PAUSE]  No hay mas DNIs pendientes. Esperando 30s...
[W1|11:04:36] [PAUSE]  No hay mas DNIs pendientes. Esperando 30s...
[W1|11:05:06] [PAUSE]  No hay mas DNIs pendientes. Esperando 30s...
[W1|11:05:37] [PAUSE]  No hay mas DNIs pendientes. Esperando 30s...
[W1|11:06:08] [PAUSE]  No hay mas DNIs pendientes. Esperando 30s...
[W1|11:06:39] [PAUSE]  No hay mas DNIs pendientes. Esperando 30s...
[W1|11:07:09] [PAUSE]  No hay mas DNIs pendientes. Esperando 30s...
[W1|11:07:40] [PAUSE]  No hay mas DNIs pendientes. Esperando 30s...
[W1|11:08:11] [PAUSE]  No hay mas DNIs pendientes. Esperando 30s...
[W1|11:08:42] [PAUSE]  No hay mas DNIs pendientes. Esperando 30s...
[W1|11:09:13] [PAUSE]  No hay mas DNIs pendientes. Esperando 30s...
[W1|11:09:43] [PAUSE]  No hay mas DNIs pendientes. Esperando 30s...
[W1|11:10:14] [PAUSE]  No hay mas DNIs pendientes. Esperando 30s...
[W1|11:10:45] [PAUSE]  No hay mas DNIs pendientes. Esperando 30s...
[W1|11:11:16] [PAUSE]  No hay mas DNIs pendientes. Esperando 30s...
[W1|11:11:46] [PAUSE]  No hay mas DNIs pendientes. Esperando 30s...
[W1|11:12:17] [PAUSE]  No hay mas DNIs pendientes. Esperando 30s...
[W1|11:12:48] [PAUSE]  No hay mas DNIs pendientes. Esperando 30s...
[W1|11:13:19] [PAUSE]  No hay mas DNIs pendientes. Esperando 30s...
[W1|11:13:50] [PAUSE]  No hay mas DNIs pendientes. Esperando 30s...
[W1|11:14:20] [PAUSE]  No hay mas DNIs pendientes. Esperando 30s...
[W1|11:14:51] [PAUSE]  No hay mas DNIs pendientes. Esperando 30s...
[W1|11:15:22] [PAUSE]  No hay mas DNIs pendientes. Esperando 30s...
[W1|11:15:53] [PAUSE]  No hay mas DNIs pendientes. Esperando 30s...
[W1|11:16:23] [PAUSE]  No hay mas DNIs pendientes. Esperando 30s...
[W1|11:16:54] [PAUSE]  No hay mas DNIs pendientes. Esperando 30s...
[W1|11:17:25] [PAUSE]  No hay mas DNIs pendientes. Esperando 30s...
[W1|11:17:56] [PAUSE]  No hay mas DNIs pendientes. Esperando 30s...
[W1|11:18:27] [PAUSE]  No hay mas DNIs pendientes. Esperando 30s...
[W1|11:18:57] [PAUSE]  No hay mas DNIs pendientes. Esperando 30s...
[W1|11:19:28] [PAUSE]  No hay mas DNIs pendientes. Esperando 30s...
[W1|11:19:59] [PAUSE]  No hay mas DNIs pendientes. Esperando 30s...
[W1|11:20:30] [PAUSE]  No hay mas DNIs pendientes. Esperando 30s...
[W1|11:21:00] [PAUSE]  No hay mas DNIs pendientes. Esperando 30s...
[W1|11:21:31] [PAUSE]  No hay mas DNIs pendientes. Esperando 30s...
[W1|11:22:02] [PAUSE]  No hay mas DNIs pendientes. Esperando 30s...
[W1|11:22:33] [PAUSE]  No hay mas DNIs pendientes. Esperando 30s...
[W1|11:23:04] [PAUSE]  No hay mas DNIs pendientes. Esperando 30s...
[W1|11:23:34] [PAUSE]  No hay mas DNIs pendientes. Esperando 30s...
[W1|11:24:05] [PAUSE]  No hay mas DNIs pendientes. Esperando 30s...
[W1|11:24:36] [PAUSE]  No hay mas DNIs pendientes. Esperando 30s...
[W1|11:25:07] [PAUSE]  No hay mas DNIs pendientes. Esperando 30s...
[W1|11:25:38] [PAUSE]  No hay mas DNIs pendientes. Esperando 30s...
[W1|11:26:08] [PAUSE]  No hay mas DNIs pendientes. Esperando 30s...
[W1|11:26:39] [PAUSE]  No hay mas DNIs pendientes. Esperando 30s...
[W1|11:27:10] [PAUSE]  No hay mas DNIs pendientes. Esperando 30s...
[W1|11:27:41] [PAUSE]  No hay mas DNIs pendientes. Esperando 30s...
[W1|11:28:11] [PAUSE]  No hay mas DNIs pendientes. Esperando 30s...
[W1|11:28:42] [PAUSE]  No hay mas DNIs pendientes. Esperando 30s...
[W1|11:29:13] [PAUSE]  No hay mas DNIs pendientes. Esperando 30s...
[W1|11:29:44] [PAUSE]  No hay mas DNIs pendientes. Esperando 30s...
[W1|11:30:14] [PAUSE]  No hay mas DNIs pendientes. Esperando 30s...
[W1|11:30:45] [PAUSE]  No hay mas DNIs pendientes. Esperando 30s...
[W1|11:31:16] [PAUSE]  No hay mas DNIs pendientes. Esperando 30s...
[W1|11:31:47] [PAUSE]  No hay mas DNIs pendientes. Esperando 30s...
[W1|11:32:17] [PAUSE]  No hay mas DNIs pendientes. Esperando 30s...
[W1|11:32:48] [PAUSE]  No hay mas DNIs pendientes. Esperando 30s...
[W1|11:33:19] [PAUSE]  No hay mas DNIs pendientes. Esperando 30s...
[W1|11:33:50] [PAUSE]  No hay mas DNIs pendientes. Esperando 30s...
[W1|11:34:21] [PAUSE]  No hay mas DNIs pendientes. Esperando 30s...
[W1|11:34:51] [PAUSE]  No hay mas DNIs pendientes. Esperando 30s...
[W1|11:35:22] [PAUSE]  No hay mas DNIs pendientes. Esperando 30s...
[W1|11:35:53] [PAUSE]  No hay mas DNIs pendientes. Esperando 30s...
[W1|11:36:24] [PAUSE]  No hay mas DNIs pendientes. Esperando 30s...
[W1|11:36:55] [PAUSE]  No hay mas DNIs pendientes. Esperando 30s...
[W1|11:37:25] [PAUSE]  No hay mas DNIs pendientes. Esperando 30s...
[W1|11:37:56] [PAUSE]  No hay mas DNIs pendientes. Esperando 30s...
[W1|11:38:27] [PAUSE]  No hay mas DNIs pendientes. Esperando 30s...
[W1|11:38:58] [PAUSE]  No hay mas DNIs pendientes. Esperando 30s...
[W1|11:39:28] [PAUSE]  No hay mas DNIs pendientes. Esperando 30s...
[W1|11:39:59] [PAUSE]  No hay mas DNIs pendientes. Esperando 30s...
[W1|11:40:30] [PAUSE]  No hay mas DNIs pendientes. Esperando 30s...
[W1|11:41:01] [PAUSE]  No hay mas DNIs pendientes. Esperando 30s...
[W1|11:41:32] [PAUSE]  No hay mas DNIs pendientes. Esperando 30s...
[W1|11:42:02] [PAUSE]  No hay mas DNIs pendientes. Esperando 30s...
[W1|11:42:33] [PAUSE]  No hay mas DNIs pendientes. Esperando 30s...
[W1|11:43:04] [PAUSE]  No hay mas DNIs pendientes. Esperando 30s...
[W1|11:43:35] [PAUSE]  No hay mas DNIs pendientes. Esperando 30s...
[W1|11:44:05] [PAUSE]  No hay mas DNIs pendientes. Esperando 30s...
[W1|11:44:36] [PAUSE]  No hay mas DNIs pendientes. Esperando 30s...
[W1|11:45:07] [PAUSE]  No hay mas DNIs pendientes. Esperando 30s...
[W1|11:45:38] [PAUSE]  No hay mas DNIs pendientes. Esperando 30s...
[W1|11:46:09] [PAUSE]  No hay mas DNIs pendientes. Esperando 30s...
[W1|11:46:40] [PAUSE]  No hay mas DNIs pendientes. Esperando 30s...
[W1|11:47:10] [PAUSE]  No hay mas DNIs pendientes. Esperando 30s...
[W1|11:47:42] [ERR]  Error crítico: Page.wait_for_timeout: Target page, context or browser has been closed
[W1|11:47:42] Resumen -> Procesados: [OK] 39 | [ERR] 0
